2023-01-16 01:45:13.629 [info] Log level: Info
2023-01-16 01:45:13.629 [info] Validating found git in: "git"
2023-01-16 01:45:13.629 [info] Using git "2.25.1" from "git"
2023-01-16 01:45:13.629 [info] > git rev-parse --show-toplevel [10ms]
2023-01-16 01:45:13.629 [info] fatal: not a git repository (or any of the parent directories): .git
2023-01-16 01:45:13.629 [info] > git rev-parse --show-toplevel [9ms]
2023-01-16 01:45:13.629 [info] fatal: not a git repository (or any of the parent directories): .git
2023-01-16 01:45:13.629 [info] > git rev-parse --show-toplevel [3ms]
2023-01-16 01:45:13.629 [info] fatal: not a git repository (or any of the parent directories): .git
2023-01-16 01:45:13.630 [info] > git rev-parse --show-toplevel [2ms]
2023-01-16 01:45:13.630 [info] fatal: not a git repository (or any of the parent directories): .git
2023-01-16 01:45:13.639 [info] > git rev-parse --show-toplevel [0ms]
2023-01-16 01:45:13.639 [info] fatal: not a git repository (or any of the parent directories): .git
2023-01-16 01:45:13.645 [info] > git rev-parse --show-toplevel [0ms]
2023-01-16 01:45:13.645 [info] fatal: not a git repository (or any of the parent directories): .git
2023-01-16 01:45:13.655 [info] > git rev-parse --show-toplevel [1ms]
2023-01-16 01:45:13.655 [info] fatal: not a git repository (or any of the parent directories): .git
2023-01-16 01:45:13.662 [info] > git rev-parse --show-toplevel [1ms]
2023-01-16 01:45:13.662 [info] fatal: not a git repository (or any of the parent directories): .git
2023-01-16 01:45:13.678 [info] > git rev-parse --show-toplevel [1ms]
2023-01-16 01:45:13.678 [info] fatal: not a git repository (or any of the parent directories): .git
2023-01-16 01:45:38.109 [info] > git rev-parse --show-toplevel [3ms]
2023-01-16 01:45:38.109 [info] fatal: not a git repository (or any of the parent directories): .git
2023-01-16 01:48:04.227 [info] > git rev-parse --show-toplevel [13ms]
2023-01-16 01:48:04.227 [info] fatal: not a git repository (or any of the parent directories): .git
2023-01-16 01:49:41.810 [info] > git rev-parse --show-toplevel [1ms]
2023-01-16 01:49:41.810 [info] fatal: not a git repository (or any of the parent directories): .git
