2023-01-17 12:26:55.213 [info] Log level: Info
2023-01-17 12:26:55.213 [info] Validating found git in: "git"
2023-01-17 12:26:55.213 [info] Using git "2.25.1" from "git"
2023-01-17 12:26:55.213 [info] > git rev-parse --show-toplevel [69ms]
2023-01-17 12:26:55.213 [info] fatal: not a git repository (or any of the parent directories): .git
2023-01-17 12:26:55.213 [info] > git rev-parse --show-toplevel [1ms]
2023-01-17 12:26:55.214 [info] fatal: not a git repository (or any of the parent directories): .git
2023-01-17 12:26:55.214 [info] > git rev-parse --show-toplevel [0ms]
2023-01-17 12:26:55.214 [info] fatal: not a git repository (or any of the parent directories): .git
2023-01-17 12:26:55.214 [info] > git rev-parse --show-toplevel [1ms]
2023-01-17 12:26:55.214 [info] fatal: not a git repository (or any of the parent directories): .git
2023-01-17 12:26:55.214 [info] > git rev-parse --show-toplevel [1ms]
2023-01-17 12:26:55.214 [info] fatal: not a git repository (or any of the parent directories): .git
2023-01-17 12:26:55.214 [info] > git rev-parse --show-toplevel [0ms]
2023-01-17 12:26:55.214 [info] fatal: not a git repository (or any of the parent directories): .git
2023-01-17 12:26:55.214 [info] > git rev-parse --show-toplevel [1ms]
2023-01-17 12:26:55.214 [info] fatal: not a git repository (or any of the parent directories): .git
2023-01-17 12:26:55.214 [info] > git rev-parse --show-toplevel [1ms]
2023-01-17 12:26:55.214 [info] fatal: not a git repository (or any of the parent directories): .git
2023-01-17 12:26:55.214 [info] > git rev-parse --show-toplevel [0ms]
2023-01-17 12:26:55.214 [info] fatal: not a git repository (or any of the parent directories): .git
2023-01-17 12:26:55.214 [info] > git rev-parse --show-toplevel [1ms]
2023-01-17 12:26:55.214 [info] fatal: not a git repository (or any of the parent directories): .git
2023-01-17 12:26:55.214 [info] > git rev-parse --show-toplevel [1ms]
2023-01-17 12:26:55.214 [info] fatal: not a git repository (or any of the parent directories): .git
2023-01-17 12:26:55.450 [info] > git rev-parse --show-toplevel [1ms]
2023-01-17 12:26:55.450 [info] fatal: not a git repository (or any of the parent directories): .git
2023-01-17 12:28:38.563 [info] > git rev-parse --show-toplevel [7ms]
2023-01-17 12:28:38.571 [info] > git rev-parse --git-dir --git-common-dir [1ms]
2023-01-17 12:28:38.584 [info] Open repository: /home/kitoko/THP/THP_W2D2_Ruby
2023-01-17 12:28:38.603 [warning] No remotes found in the git config file.
2023-01-17 12:28:38.604 [info] > git config --get commit.template [13ms]
2023-01-17 12:28:38.605 [info] > git for-each-ref --format=%(refname)%00%(upstream:short)%00%(objectname)%00%(upstream:track)%00%(upstream:remotename)%00%(upstream:remoteref) refs/heads/master refs/remotes/master [9ms]
2023-01-17 12:28:38.606 [info] > git remote --verbose [4ms]
2023-01-17 12:28:38.622 [info] > git for-each-ref --sort -committerdate --format %(refname) %(objectname) %(*objectname) [2ms]
2023-01-17 12:28:38.627 [info] > git status -z -uall [12ms]
2023-01-17 12:28:38.643 [info] > git config --get commit.template [1ms]
2023-01-17 12:28:38.655 [warning] No remotes found in the git config file.
2023-01-17 12:28:38.656 [info] > git remote --verbose [2ms]
2023-01-17 12:28:38.656 [info] > git for-each-ref --format=%(refname)%00%(upstream:short)%00%(objectname)%00%(upstream:track)%00%(upstream:remotename)%00%(upstream:remoteref) refs/heads/master refs/remotes/master [6ms]
2023-01-17 12:28:38.669 [info] > git status -z -uall [7ms]
2023-01-17 12:28:38.669 [info] > git for-each-ref --sort -committerdate --format %(refname) %(objectname) %(*objectname) [1ms]
2023-01-17 12:28:38.923 [info] > git show --textconv :exo_01.rb.rb [7ms]
2023-01-17 12:28:38.923 [info] > git ls-files --stage -- /home/kitoko/THP/THP_W2D2_Ruby/exo_01.rb.rb [2ms]
2023-01-17 12:28:39.136 [info] > git check-ignore -v -z --stdin [3ms]
2023-01-17 12:28:44.718 [info] > git rev-parse --show-toplevel [1ms]
2023-01-17 12:28:44.719 [info] fatal: not a git repository (or any of the parent directories): .git
