[2023-01-15T21:43:41.711Z] starting `/usr/local/lib/heroku/bin/heroku update --autoupdate` from /usr/local/lib/heroku/bin/run version
waiting until 2023-01-15T22:43:41.702Z to update
waiting until 2023-01-15T22:44:20.484Z to update
waiting until 2023-01-15T22:44:20.484Z to update
waiting until 2023-01-15T22:44:20.484Z to update
waiting until 2023-01-15T22:44:20.484Z to update
waiting until 2023-01-15T22:44:20.484Z to update
waiting until 2023-01-15T22:44:20.484Z to update
waiting until 2023-01-15T22:44:20.484Z to update
waiting until 2023-01-15T22:44:20.484Z to update
waiting until 2023-01-15T22:44:20.484Z to update
waiting until 2023-01-15T22:44:20.484Z to update
waiting until 2023-01-15T22:44:20.484Z to update
waiting until 2023-01-15T22:44:20.484Z to update
waiting until 2023-01-15T22:44:20.484Z to update
waiting until 2023-01-15T22:44:20.484Z to update
waiting until 2023-01-15T22:44:20.484Z to update
waiting until 2023-01-15T22:44:20.484Z to update
waiting until 2023-01-15T22:44:20.484Z to update
waiting until 2023-01-15T22:44:20.484Z to update
waiting until 2023-01-15T22:44:20.484Z to update
waiting until 2023-01-15T22:44:20.484Z to update
waiting until 2023-01-15T22:44:20.484Z to update
waiting until 2023-01-15T22:44:20.484Z to update
waiting until 2023-01-15T22:44:20.484Z to update
waiting until 2023-01-15T22:44:20.484Z to update
waiting until 2023-01-15T22:44:20.484Z to update
waiting until 2023-01-15T22:44:20.484Z to update
waiting until 2023-01-15T22:44:20.484Z to update
waiting until 2023-01-15T22:44:20.484Z to update
waiting until 2023-01-15T22:44:20.484Z to update
waiting until 2023-01-15T22:44:20.484Z to update
waiting until 2023-01-15T22:44:20.484Z to update
waiting until 2023-01-15T22:44:20.484Z to update
waiting until 2023-01-15T22:44:20.484Z to update
waiting until 2023-01-15T22:44:20.484Z to update
waiting until 2023-01-15T22:44:20.484Z to update
waiting until 2023-01-15T22:44:20.484Z to update
waiting until 2023-01-15T22:44:20.484Z to update
waiting until 2023-01-15T22:44:20.484Z to update
waiting until 2023-01-15T22:44:20.484Z to update
waiting until 2023-01-15T22:44:20.484Z to update
waiting until 2023-01-15T22:44:20.484Z to update
waiting until 2023-01-15T22:44:20.484Z to update
waiting until 2023-01-15T22:44:20.484Z to update
waiting until 2023-01-15T22:44:20.484Z to update
waiting until 2023-01-15T22:44:20.484Z to update
waiting until 2023-01-15T22:44:20.484Z to update
waiting until 2023-01-15T22:44:20.484Z to update
waiting until 2023-01-15T22:44:20.484Z to update
waiting until 2023-01-15T22:44:20.484Z to update
waiting until 2023-01-15T22:44:20.484Z to update
waiting until 2023-01-15T22:44:20.484Z to update
waiting until 2023-01-15T22:44:20.484Z to update
waiting until 2023-01-15T22:44:20.484Z to update
waiting until 2023-01-15T22:44:20.484Z to update
waiting until 2023-01-15T22:44:20.484Z to update
waiting until 2023-01-15T22:44:20.484Z to update
waiting until 2023-01-15T22:44:20.484Z to update
waiting until 2023-01-15T22:44:20.484Z to update
time to update
heroku: Updating CLI... fetching manifest
heroku: Updating CLI... !
